<?xml version="1.0" encoding="UTF-8"?>
<testng-results skipped="0" failed="0" ignored="0" total="1" passed="1">
  <reporter-output>
  </reporter-output>
  <suite name="Default suite" duration-ms="21903" started-at="2019-12-05T13:05:09Z" finished-at="2019-12-05T13:05:31Z">
    <groups>
    </groups>
    <test name="Default test" duration-ms="21903" started-at="2019-12-05T13:05:09Z" finished-at="2019-12-05T13:05:31Z">
      <class name="com.NetBanking.testCases.TC_LoginTest_001">
        <test-method status="PASS" signature="setUp()[pri:0, instance:com.NetBanking.testCases.TC_LoginTest_001@39c0f4a]" name="setUp" is-config="true" duration-ms="14047" started-at="2019-12-05T13:05:09Z" finished-at="2019-12-05T13:05:23Z">
          <reporter-output>
          </reporter-output>
        </test-method> <!-- setUp -->
        <test-method status="PASS" signature="login()[pri:0, instance:com.NetBanking.testCases.TC_LoginTest_001@39c0f4a]" name="login" duration-ms="7086" started-at="2019-12-05T13:05:23Z" finished-at="2019-12-05T13:05:30Z">
          <reporter-output>
          </reporter-output>
        </test-method> <!-- login -->
        <test-method status="PASS" signature="tearDown()[pri:0, instance:com.NetBanking.testCases.TC_LoginTest_001@39c0f4a]" name="tearDown" is-config="true" duration-ms="711" started-at="2019-12-05T13:05:30Z" finished-at="2019-12-05T13:05:31Z">
          <reporter-output>
          </reporter-output>
        </test-method> <!-- tearDown -->
      </class> <!-- com.NetBanking.testCases.TC_LoginTest_001 -->
    </test> <!-- Default test -->
  </suite> <!-- Default suite -->
</testng-results>
